TN:
SF:app\app.js
FNF:0
FNH:0
DA:1,1
DA:2,1
DA:3,1
DA:4,1
DA:5,1
DA:6,1
DA:7,1
DA:8,1
DA:9,1
DA:10,1
DA:11,1
DA:12,1
DA:13,1
DA:14,1
DA:15,1
DA:16,1
DA:17,1
DA:18,1
DA:19,1
DA:20,1
DA:21,1
DA:22,112
DA:23,112
DA:24,112
DA:25,112
DA:26,1
DA:27,1
DA:28,1
DA:29,1
DA:30,47
DA:31,28
DA:32,47
DA:33,19
DA:34,19
DA:35,1
DA:36,1
DA:37,1
DA:38,27
DA:39,11
DA:40,27
DA:41,4
DA:42,16
DA:43,12
DA:44,12
DA:45,1
DA:46,1
DA:47,1
DA:48,19
DA:49,16
DA:50,19
DA:51,3
DA:52,3
DA:53,1
DA:54,1
DA:55,1
DA:56,19
DA:57,16
DA:58,19
DA:59,3
DA:60,3
DA:61,1
DA:62,1
DA:63,1
DA:64,1
DA:65,1
DA:66,1
DA:67,1
DA:68,1
DA:69,1
DA:70,0
DA:71,0
DA:72,1
DA:73,1
DA:74,1
DA:75,1
DA:76,0
DA:77,0
DA:78,1
DA:79,1
DA:80,1
DA:81,1
DA:82,1
LF:82
LH:78
BRDA:21,0,0,112
BRDA:29,1,0,47
BRDA:30,2,0,28
BRDA:32,3,0,19
BRDA:37,4,0,27
BRDA:38,5,0,11
BRDA:40,6,0,16
BRDA:40,7,0,4
BRDA:42,8,0,12
BRDA:47,9,0,19
BRDA:48,10,0,16
BRDA:50,11,0,3
BRDA:55,12,0,19
BRDA:56,13,0,16
BRDA:58,14,0,3
BRF:15
BRH:15
end_of_record
TN:
SF:app\controllers\ratings.js
FNF:0
FNH:0
DA:1,1
DA:2,1
DA:3,1
DA:4,1
DA:5,1
DA:6,1
DA:7,3
DA:8,3
DA:9,3
DA:10,3
DA:11,0
DA:12,0
DA:13,0
DA:14,0
DA:15,3
DA:16,3
DA:17,2
DA:18,2
DA:19,2
DA:20,3
DA:21,1
DA:22,1
DA:23,1
DA:24,1
DA:25,1
DA:26,1
DA:27,1
DA:28,1
DA:29,1
DA:30,1
DA:31,1
DA:32,1
DA:33,1
DA:34,1
DA:35,1
DA:36,1
DA:37,1
DA:38,1
DA:39,1
DA:40,1
DA:41,6
DA:42,6
DA:43,6
DA:44,6
DA:45,6
DA:46,15
DA:47,3
DA:48,3
DA:49,15
DA:50,3
DA:51,3
DA:52,6
DA:53,0
DA:54,0
DA:55,3
DA:56,6
DA:57,1
DA:58,1
DA:59,2
DA:60,2
DA:61,2
DA:62,2
DA:63,2
DA:64,2
DA:65,2
DA:66,2
DA:67,2
DA:68,1
DA:69,1
DA:70,1
DA:71,1
DA:72,1
DA:73,1
DA:74,1
DA:75,1
DA:76,1
DA:77,1
DA:78,1
DA:79,1
DA:80,1
DA:81,1
DA:82,1
DA:83,1
DA:84,1
DA:85,1
DA:86,1
DA:87,1
DA:88,1
DA:89,6
DA:90,6
DA:91,6
DA:92,0
DA:93,0
DA:94,6
DA:95,6
DA:96,6
DA:97,6
DA:98,6
DA:99,6
DA:100,5
DA:101,6
DA:102,2
DA:103,2
DA:104,3
DA:105,3
DA:106,3
DA:107,3
DA:108,3
DA:109,0
DA:110,0
DA:111,3
DA:112,3
DA:113,3
DA:114,6
DA:115,0
DA:116,0
DA:117,3
DA:118,3
DA:119,6
DA:120,1
DA:121,1
DA:122,6
DA:123,1
DA:124,1
DA:125,1
DA:126,1
DA:127,1
DA:128,1
DA:129,1
DA:130,1
DA:131,1
DA:132,1
DA:133,1
DA:134,1
DA:135,1
DA:136,1
DA:137,1
DA:138,1
DA:139,1
DA:140,1
DA:141,1
DA:142,1
DA:143,1
DA:144,1
DA:145,1
DA:146,1
DA:147,0
DA:148,0
DA:149,1
DA:150,0
DA:151,0
DA:152,1
DA:153,1
DA:154,1
DA:155,1
DA:156,1
DA:157,1
DA:158,1
DA:159,4
DA:160,4
DA:161,4
DA:162,1
DA:163,1
DA:164,3
DA:165,3
DA:166,3
DA:167,3
DA:168,3
DA:169,3
DA:170,3
DA:171,4
DA:172,2
DA:173,2
DA:174,1
DA:175,1
DA:176,1
DA:177,1
DA:178,1
DA:179,1
DA:180,1
DA:181,1
DA:182,4
DA:183,0
DA:184,0
DA:185,0
DA:186,0
DA:187,0
DA:188,0
DA:189,0
DA:190,0
DA:191,0
DA:192,0
DA:193,0
DA:194,0
DA:195,1
DA:196,1
DA:197,1
LF:197
LH:169
BRDA:6,0,0,3
BRDA:10,1,0,0
BRDA:16,2,0,2
BRDA:20,3,0,1
BRDA:25,4,0,1
BRDA:40,5,0,6
BRDA:45,6,0,15
BRDA:46,7,0,3
BRDA:49,8,0,3
BRDA:52,9,0,0
BRDA:54,10,0,3
BRDA:56,11,0,1
BRDA:58,12,0,2
BRDA:67,13,0,1
BRDA:88,14,0,6
BRDA:91,15,0,0
BRDA:99,16,0,5
BRDA:101,17,0,2
BRDA:103,18,0,3
BRDA:108,19,0,0
BRDA:114,20,0,0
BRDA:116,21,0,3
BRDA:119,22,0,1
BRDA:121,23,0,2
BRDA:122,24,0,1
BRDA:146,25,0,0
BRDA:149,26,0,0
BRDA:158,27,0,4
BRDA:161,28,0,1
BRDA:163,29,0,3
BRDA:171,30,0,2
BRDA:173,31,0,1
BRDA:182,32,0,0
BRF:33
BRH:25
end_of_record
TN:
SF:app\controllers\restaurants.js
FNF:0
FNH:0
DA:1,1
DA:2,1
DA:3,1
DA:4,1
DA:5,1
DA:6,1
DA:7,3
DA:8,3
DA:9,2
DA:10,3
DA:11,1
DA:12,1
DA:13,1
DA:14,1
DA:15,1
DA:16,1
DA:17,1
DA:18,1
DA:19,1
DA:20,1
DA:21,1
DA:22,1
DA:23,1
DA:24,1
DA:25,1
DA:26,1
DA:27,1
DA:28,1
DA:29,1
DA:30,1
DA:31,1
DA:32,1
DA:33,1
DA:34,1
DA:35,1
DA:36,1
DA:37,1
DA:38,3
DA:39,3
DA:40,3
DA:41,3
DA:42,1
DA:43,1
DA:44,1
DA:45,1
DA:46,1
DA:47,1
DA:48,1
DA:49,1
DA:50,1
DA:51,1
DA:52,1
DA:53,1
DA:54,1
DA:55,1
DA:56,1
DA:57,1
DA:58,1
DA:59,1
DA:60,1
DA:61,1
DA:62,1
DA:63,1
DA:64,1
DA:65,1
DA:66,1
DA:67,1
DA:68,1
DA:69,1
DA:70,13
DA:71,13
DA:72,13
DA:73,13
DA:74,13
DA:75,13
DA:76,1
DA:77,1
DA:78,13
DA:79,13
DA:80,13
DA:81,1
DA:82,1
DA:83,1
DA:84,13
DA:85,13
DA:86,13
DA:87,1
DA:88,1
DA:89,13
DA:90,13
DA:91,13
DA:92,4
DA:93,4
DA:94,13
DA:95,13
DA:96,13
DA:97,1
DA:98,1
DA:99,13
DA:100,13
DA:101,13
DA:102,1
DA:103,1
DA:104,1
DA:105,1
DA:106,1
DA:107,1
DA:108,1
DA:109,1
DA:110,1
DA:111,1
DA:112,13
DA:113,13
DA:114,13
DA:115,2
DA:116,2
DA:117,13
DA:118,13
DA:119,13
DA:120,2
DA:121,2
DA:122,13
DA:123,13
DA:124,12
DA:125,12
DA:126,12
DA:127,15
DA:128,15
DA:129,15
DA:130,15
DA:131,15
DA:132,15
DA:133,15
DA:134,15
DA:135,15
DA:136,15
DA:137,15
DA:138,15
DA:139,15
DA:140,15
DA:141,12
DA:142,12
DA:143,12
DA:144,13
DA:145,1
DA:146,1
DA:147,1
DA:148,1
DA:149,1
DA:150,1
DA:151,1
DA:152,13
DA:153,13
DA:154,13
DA:155,13
DA:156,13
DA:157,81
DA:158,9
DA:159,9
DA:160,81
DA:161,4
DA:162,4
DA:163,4
DA:164,13
DA:165,1
DA:166,1
DA:167,3
DA:168,3
DA:169,3
DA:170,3
DA:171,3
DA:172,3
DA:173,3
DA:174,13
DA:175,13
DA:176,13
DA:177,13
DA:178,13
DA:179,13
DA:180,13
DA:181,13
DA:182,13
DA:183,13
DA:184,1
DA:185,1
DA:186,1
DA:187,1
DA:188,1
DA:189,1
DA:190,1
DA:191,1
DA:192,1
DA:193,1
DA:194,1
DA:195,1
DA:196,1
DA:197,1
DA:198,1
DA:199,1
DA:200,1
DA:201,1
DA:202,1
DA:203,1
DA:204,1
DA:205,1
DA:206,1
DA:207,13
DA:208,2
DA:209,2
DA:210,2
DA:211,1
DA:212,1
DA:213,1
DA:214,1
DA:215,13
DA:216,13
DA:217,13
DA:218,13
DA:219,1
DA:220,1
DA:221,11
DA:222,11
DA:223,11
DA:224,11
DA:225,13
DA:226,65
DA:227,9
DA:228,9
DA:229,65
DA:230,2
DA:231,2
DA:232,2
DA:233,13
DA:234,1
DA:235,1
DA:236,1
DA:237,1
DA:238,1
DA:239,1
DA:240,1
DA:241,1
DA:242,1
DA:243,9
DA:244,1
DA:245,1
DA:246,1
DA:247,13
DA:248,0
DA:249,0
DA:250,0
DA:251,0
DA:252,0
DA:253,1
DA:254,1
DA:255,13
DA:256,0
DA:257,0
DA:258,0
DA:259,0
DA:260,0
DA:261,1
DA:262,1
DA:263,1
DA:264,1
DA:265,1
DA:266,1
DA:267,1
DA:268,1
DA:269,1
DA:270,1
DA:271,1
DA:272,1
DA:273,1
DA:274,1
DA:275,1
DA:276,1
DA:277,1
DA:278,1
DA:279,1
DA:280,1
DA:281,1
DA:282,1
DA:283,1
DA:284,1
DA:285,1
DA:286,1
DA:287,1
DA:288,0
DA:289,0
DA:290,1
DA:291,1
DA:292,1
DA:293,1
DA:294,1
DA:295,1
DA:296,1
DA:297,1
DA:298,1
DA:299,2
DA:300,2
DA:301,1
DA:302,1
DA:303,1
DA:304,1
DA:305,1
DA:306,1
DA:307,1
DA:308,1
DA:309,1
DA:310,1
LF:310
LH:298
BRDA:6,0,0,3
BRDA:8,1,0,2
BRDA:10,2,0,1
BRDA:37,3,0,3
BRDA:40,4,0,2
BRDA:41,5,0,1
BRDA:69,6,0,13
BRDA:75,7,0,1
BRDA:80,8,0,1
BRDA:86,9,0,1
BRDA:91,10,0,4
BRDA:96,11,0,1
BRDA:101,12,0,1
BRDA:102,13,0,0
BRDA:114,14,0,2
BRDA:119,15,0,2
BRDA:123,16,0,12
BRDA:144,17,0,1
BRDA:126,18,0,15
BRDA:151,19,0,13
BRDA:156,20,0,81
BRDA:157,21,0,9
BRDA:160,22,0,4
BRDA:164,23,0,1
BRDA:166,24,0,3
BRDA:178,25,0,3
BRDA:180,26,0,3
BRDA:183,27,0,1
BRDA:207,28,0,2
BRDA:214,29,0,13
BRDA:217,30,0,12
BRDA:218,31,0,1
BRDA:220,32,0,11
BRDA:225,33,0,65
BRDA:226,34,0,9
BRDA:229,35,0,2
BRDA:233,36,0,1
BRDA:247,37,0,0
BRDA:252,38,0,1
BRDA:255,39,0,0
BRDA:260,40,0,1
BRDA:287,41,0,0
BRDA:242,42,0,9
BRDA:298,43,0,2
BRDA:300,44,0,1
BRF:45
BRH:41
end_of_record
TN:
SF:app\controllers\reviews.js
FNF:0
FNH:0
DA:1,1
DA:2,1
DA:3,1
DA:4,1
DA:5,1
DA:6,1
DA:7,3
DA:8,3
DA:9,3
DA:10,3
DA:11,0
DA:12,0
DA:13,0
DA:14,0
DA:15,3
DA:16,3
DA:17,2
DA:18,2
DA:19,2
DA:20,3
DA:21,1
DA:22,1
DA:23,1
DA:24,1
DA:25,1
DA:26,1
DA:27,1
DA:28,1
DA:29,1
DA:30,1
DA:31,1
DA:32,1
DA:33,1
DA:34,1
DA:35,1
DA:36,1
DA:37,1
DA:38,1
DA:39,1
DA:40,1
DA:41,6
DA:42,6
DA:43,6
DA:44,6
DA:45,6
DA:46,15
DA:47,3
DA:48,3
DA:49,15
DA:50,3
DA:51,6
DA:52,1
DA:53,1
DA:54,2
DA:55,2
DA:56,2
DA:57,2
DA:58,2
DA:59,2
DA:60,2
DA:61,2
DA:62,2
DA:63,1
DA:64,1
DA:65,1
DA:66,1
DA:67,1
DA:68,1
DA:69,1
DA:70,1
DA:71,1
DA:72,1
DA:73,1
DA:74,1
DA:75,1
DA:76,1
DA:77,1
DA:78,1
DA:79,1
DA:80,1
DA:81,1
DA:82,1
DA:83,1
DA:84,6
DA:85,6
DA:86,6
DA:87,0
DA:88,0
DA:89,6
DA:90,6
DA:91,6
DA:92,6
DA:93,6
DA:94,6
DA:95,5
DA:96,6
DA:97,2
DA:98,2
DA:99,3
DA:100,3
DA:101,3
DA:102,3
DA:103,3
DA:104,0
DA:105,0
DA:106,3
DA:107,3
DA:108,3
DA:109,6
DA:110,1
DA:111,1
DA:112,6
DA:113,1
DA:114,1
DA:115,1
DA:116,1
DA:117,1
DA:118,1
DA:119,1
DA:120,1
DA:121,1
DA:122,1
DA:123,1
DA:124,1
DA:125,1
DA:126,1
DA:127,1
DA:128,1
DA:129,1
DA:130,1
DA:131,1
DA:132,1
DA:133,1
DA:134,1
DA:135,1
DA:136,1
DA:137,0
DA:138,0
DA:139,1
DA:140,0
DA:141,0
DA:142,1
DA:143,1
DA:144,1
DA:145,1
DA:146,1
DA:147,1
DA:148,1
DA:149,4
DA:150,4
DA:151,4
DA:152,1
DA:153,1
DA:154,3
DA:155,3
DA:156,3
DA:157,3
DA:158,3
DA:159,3
DA:160,3
DA:161,4
DA:162,2
DA:163,2
DA:164,1
DA:165,1
DA:166,1
DA:167,1
DA:168,1
DA:169,1
DA:170,1
DA:171,1
DA:172,4
DA:173,0
DA:174,0
DA:175,0
DA:176,0
DA:177,0
DA:178,0
DA:179,0
DA:180,0
DA:181,0
DA:182,0
DA:183,0
DA:184,0
DA:185,1
DA:186,1
DA:187,1
LF:187
LH:163
BRDA:6,0,0,3
BRDA:10,1,0,0
BRDA:16,2,0,2
BRDA:20,3,0,1
BRDA:25,4,0,1
BRDA:40,5,0,6
BRDA:45,6,0,15
BRDA:46,7,0,3
BRDA:49,8,0,3
BRDA:51,9,0,1
BRDA:53,10,0,2
BRDA:62,11,0,1
BRDA:83,12,0,6
BRDA:86,13,0,0
BRDA:94,14,0,5
BRDA:96,15,0,2
BRDA:98,16,0,3
BRDA:103,17,0,0
BRDA:109,18,0,1
BRDA:111,19,0,2
BRDA:112,20,0,1
BRDA:136,21,0,0
BRDA:139,22,0,0
BRDA:148,23,0,4
BRDA:151,24,0,1
BRDA:153,25,0,3
BRDA:161,26,0,2
BRDA:163,27,0,1
BRDA:172,28,0,0
BRF:29
BRH:23
end_of_record
TN:
SF:app\controllers\users.js
FNF:0
FNH:0
DA:1,1
DA:2,1
DA:3,1
DA:4,1
DA:5,1
DA:6,1
DA:7,1
DA:8,1
DA:9,2
DA:10,2
DA:11,0
DA:12,0
DA:13,2
DA:14,2
DA:15,2
DA:16,0
DA:17,0
DA:18,0
DA:19,2
DA:20,2
DA:21,2
DA:22,2
DA:23,2
DA:24,2
DA:25,2
DA:26,2
DA:27,2
DA:28,2
DA:29,2
DA:30,2
DA:31,2
DA:32,0
DA:33,0
DA:34,0
DA:35,1
DA:36,1
DA:37,1
DA:38,1
DA:39,3
DA:40,3
DA:41,3
DA:42,1
DA:43,1
DA:44,1
DA:45,1
DA:46,1
DA:47,1
DA:48,1
DA:49,1
DA:50,1
DA:51,1
DA:52,1
DA:53,1
DA:54,1
DA:55,1
DA:56,1
DA:57,1
DA:58,1
DA:59,1
DA:60,1
DA:61,1
DA:62,1
DA:63,9
DA:64,9
DA:65,9
DA:66,9
DA:67,35
DA:68,5
DA:69,5
DA:70,35
DA:71,4
DA:72,4
DA:73,4
DA:74,9
DA:75,1
DA:76,1
DA:77,3
DA:78,3
DA:79,3
DA:80,3
DA:81,3
DA:82,3
DA:83,3
DA:84,3
DA:85,3
DA:86,3
DA:87,9
DA:88,9
DA:89,9
DA:90,9
DA:91,9
DA:92,1
DA:93,1
DA:94,1
DA:95,1
DA:96,1
DA:97,1
DA:98,1
DA:99,1
DA:100,1
DA:101,1
DA:102,1
DA:103,1
DA:104,1
DA:105,1
DA:106,1
DA:107,1
DA:108,9
DA:109,2
DA:110,2
DA:111,2
DA:112,1
DA:113,1
DA:114,1
DA:115,1
DA:116,9
DA:117,9
DA:118,9
DA:119,9
DA:120,9
DA:121,1
DA:122,1
DA:123,1
DA:124,8
DA:125,8
DA:126,8
DA:127,8
DA:128,9
DA:129,26
DA:130,4
DA:131,4
DA:132,26
DA:133,4
DA:134,4
DA:135,4
DA:136,1
DA:137,1
DA:138,3
DA:139,3
DA:140,3
DA:141,3
DA:142,3
DA:143,3
DA:144,9
DA:145,1
DA:146,1
DA:147,2
DA:148,2
DA:149,2
DA:150,2
DA:151,2
DA:152,2
DA:153,12
DA:154,2
DA:155,2
DA:156,2
DA:157,2
DA:158,2
DA:159,12
DA:160,12
DA:161,12
DA:162,2
DA:163,2
DA:164,2
DA:165,2
DA:166,2
DA:167,2
DA:168,2
DA:169,2
DA:170,1
DA:171,9
DA:172,0
DA:173,0
DA:174,1
DA:175,1
DA:176,1
DA:177,1
DA:178,1
DA:179,1
DA:180,1
DA:181,1
DA:182,1
DA:183,1
DA:184,1
DA:185,1
DA:186,1
DA:187,1
DA:188,1
DA:189,1
DA:190,1
DA:191,1
DA:192,1
DA:193,1
DA:194,1
DA:195,1
DA:196,1
DA:197,1
DA:198,1
DA:199,1
DA:200,2
DA:201,2
DA:202,1
DA:203,1
DA:204,1
DA:205,1
DA:206,1
DA:207,1
DA:208,1
DA:209,1
DA:210,1
DA:211,1
DA:212,1
LF:212
LH:202
BRDA:8,0,0,2
BRDA:10,1,0,0
BRDA:15,2,0,0
BRDA:31,3,0,0
BRDA:38,4,0,3
BRDA:40,5,0,2
BRDA:41,6,0,1
BRDA:62,7,0,9
BRDA:66,8,0,35
BRDA:67,9,0,5
BRDA:70,10,0,4
BRDA:74,11,0,1
BRDA:76,12,0,3
BRDA:88,13,0,3
BRDA:91,14,0,1
BRDA:108,15,0,2
BRDA:115,16,0,9
BRDA:120,17,0,1
BRDA:123,18,0,8
BRDA:128,19,0,26
BRDA:129,20,0,4
BRDA:132,21,0,4
BRDA:135,22,0,1
BRDA:137,23,0,3
BRDA:139,24,0,3
BRDA:144,25,0,1
BRDA:146,26,0,2
BRDA:169,27,0,1
BRDA:171,28,0,0
BRDA:173,29,0,1
BRDA:152,30,0,12
BRDA:158,31,0,12
BRDA:199,32,0,2
BRDA:201,33,0,1
BRF:34
BRH:30
end_of_record
TN:
SF:app\middlewares\authentication.js
FNF:0
FNH:0
DA:1,1
DA:2,1
DA:3,1
DA:4,1
DA:5,1
DA:6,1
DA:7,1
DA:8,0
DA:9,0
DA:10,0
DA:11,0
DA:12,0
DA:13,0
DA:14,0
DA:15,0
DA:16,0
DA:17,0
DA:18,0
DA:19,0
DA:20,0
DA:21,0
DA:22,0
DA:23,0
DA:24,0
DA:25,0
DA:26,0
DA:27,0
DA:28,0
DA:29,0
DA:30,0
DA:31,0
DA:32,0
DA:33,0
DA:34,0
DA:35,0
DA:36,0
DA:37,0
DA:38,0
DA:39,0
DA:40,0
DA:41,0
DA:42,0
DA:43,0
DA:44,1
DA:45,1
DA:46,1
LF:46
LH:10
BRF:0
BRH:0
end_of_record
TN:
SF:app\middlewares\tokenChecker.js
FN:3,tokenChecker
FNF:1
FNH:1
FNDA:75,tokenChecker
DA:1,1
DA:2,1
DA:3,75
DA:4,75
DA:5,75
DA:6,75
DA:7,75
DA:8,1
DA:9,1
DA:10,1
DA:11,1
DA:12,1
DA:13,74
DA:14,74
DA:15,74
DA:16,74
DA:17,1
DA:18,1
DA:19,1
DA:20,1
DA:21,1
DA:22,73
DA:23,73
DA:24,73
DA:25,74
DA:26,74
DA:27,1
DA:28,1
LF:28
LH:28
BRDA:3,0,0,75
BRDA:7,1,0,1
BRDA:12,2,0,74
BRDA:15,3,0,74
BRDA:16,4,0,1
BRDA:21,5,0,73
BRF:6
BRH:6
end_of_record
TN:
SF:app\models\rating.js
FNF:0
FNH:0
DA:1,1
DA:2,1
DA:3,1
DA:4,1
DA:5,1
DA:6,1
DA:7,1
DA:8,1
LF:8
LH:8
BRF:0
BRH:0
end_of_record
TN:
SF:app\models\restaurant.js
FN:15,validator
FN:25,validator
FNF:2
FNH:0
FNDA:0,validator
FNDA:0,validator
DA:1,1
DA:2,1
DA:3,1
DA:4,1
DA:5,1
DA:6,1
DA:7,1
DA:8,1
DA:9,1
DA:10,1
DA:11,1
DA:12,1
DA:13,1
DA:14,1
DA:15,1
DA:16,0
DA:17,1
DA:18,1
DA:19,1
DA:20,1
DA:21,1
DA:22,1
DA:23,1
DA:24,1
DA:25,1
DA:26,0
DA:27,1
DA:28,1
DA:29,1
DA:30,1
DA:31,1
DA:32,1
DA:33,1
DA:34,1
DA:35,1
DA:36,1
DA:37,1
DA:38,1
DA:39,1
DA:40,1
DA:41,1
DA:42,1
DA:43,1
LF:43
LH:41
BRF:0
BRH:0
end_of_record
TN:
SF:app\models\review.js
FNF:0
FNH:0
DA:1,1
DA:2,1
DA:3,1
DA:4,1
DA:5,1
DA:6,1
DA:7,1
DA:8,1
LF:8
LH:8
BRF:0
BRH:0
end_of_record
TN:
SF:app\models\user.js
FNF:0
FNH:0
DA:1,1
DA:2,1
DA:3,1
DA:4,1
DA:5,1
DA:6,1
DA:7,1
DA:8,1
DA:9,1
DA:10,1
DA:11,1
DA:12,1
LF:12
LH:12
BRF:0
BRH:0
end_of_record
